<?xml version="1.0" encoding="UTF-8" ?>
<testsuite errors="0" failures="0" hostname="ndwol01" name="titanstore.InventoryTests" tests="2" time="0.412" timestamp="2013-04-23T03:28:11">
  <properties />
  <testcase classname="titanstore.InventoryTests" name="testAddAlbumToInventory" time="0.088" />
  <testcase classname="titanstore.InventoryTests" name="testRemoveAlbumToInventory" time="0.023" />
  <system-out><![CDATA[--Output from testAddAlbumToInventory--
--Output from testRemoveAlbumToInventory--
]]></system-out>
  <system-err><![CDATA[--Output from testAddAlbumToInventory--
--Output from testRemoveAlbumToInventory--
]]></system-err>
</testsuite>
