<?xml version="1.0" encoding="UTF-8" ?>
<testsuite errors="0" failures="0" hostname="ndwol01" name="titanstore.AlbumControllerTests" tests="1" time="3.341" timestamp="2013-04-23T03:28:05">
  <properties />
  <testcase classname="titanstore.AlbumControllerTests" name="testSomething" time="2.978" />
  <system-out><![CDATA[--Output from testSomething--
]]></system-out>
  <system-err><![CDATA[--Output from testSomething--
]]></system-err>
</testsuite>
