<?xml version="1.0" encoding="UTF-8" ?>
<testsuite errors="0" failures="0" hostname="ndwol01" name="titanstore.CartTests" tests="2" time="0.269" timestamp="2013-04-23T03:28:10">
  <properties />
  <testcase classname="titanstore.CartTests" name="testAddAlbumToCart" time="0.135" />
  <testcase classname="titanstore.CartTests" name="testRemoveAlbumFromCart" time="0.023" />
  <system-out><![CDATA[--Output from testAddAlbumToCart--
--Output from testRemoveAlbumFromCart--
]]></system-out>
  <system-err><![CDATA[--Output from testAddAlbumToCart--
--Output from testRemoveAlbumFromCart--
]]></system-err>
</testsuite>
