<?xml version="1.0" encoding="UTF-8" ?>
<testsuite errors="0" failures="0" hostname="ndwol01" name="titanstore.StoreTests" tests="1" time="0.305" timestamp="2013-04-23T03:28:12">
  <properties />
  <testcase classname="titanstore.StoreTests" name="testSomething" time="0.078" />
  <system-out><![CDATA[--Output from testSomething--
]]></system-out>
  <system-err><![CDATA[--Output from testSomething--
]]></system-err>
</testsuite>
