<?xml version="1.0" encoding="UTF-8" ?>
<testsuite errors="0" failures="0" hostname="ndwol01" name="titanstore.UserControllerTests" tests="6" time="2.895" timestamp="2013-04-23T03:28:13">
  <properties />
  <testcase classname="titanstore.UserControllerTests" name="testPasswordsMatch" time="0.687" />
  <testcase classname="titanstore.UserControllerTests" name="testRegistrationFailed" time="0.168" />
  <testcase classname="titanstore.UserControllerTests" name="testRegistrationSuccess" time="1.163" />
  <testcase classname="titanstore.UserControllerTests" name="testLoginUserNotFound" time="0.466" />
  <testcase classname="titanstore.UserControllerTests" name="testLoginPasswordInvalid" time="0.123" />
  <testcase classname="titanstore.UserControllerTests" name="testLoginSuccess" time="0.17" />
  <system-out><![CDATA[--Output from testPasswordsMatch--
--Output from testRegistrationFailed--
--Output from testRegistrationSuccess--
--Output from testLoginUserNotFound--
--Output from testLoginPasswordInvalid--
--Output from testLoginSuccess--
]]></system-out>
  <system-err><![CDATA[--Output from testPasswordsMatch--
--Output from testRegistrationFailed--
--Output from testRegistrationSuccess--
--Output from testLoginUserNotFound--
--Output from testLoginPasswordInvalid--
--Output from testLoginSuccess--
]]></system-err>
</testsuite>
