<?xml version="1.0" encoding="UTF-8" ?>
<testsuite errors="0" failures="0" hostname="ndwol01" name="titanstore.UserTests" tests="1" time="0.067" timestamp="2013-04-23T03:28:15">
  <properties />
  <testcase classname="titanstore.UserTests" name="testSomething" time="0.063" />
  <system-out><![CDATA[--Output from testSomething--
]]></system-out>
  <system-err><![CDATA[--Output from testSomething--
]]></system-err>
</testsuite>
