<?xml version="1.0" encoding="UTF-8" ?>
<testsuite errors="0" failures="0" hostname="ndwol01" name="titanstore.SongControllerTests" tests="1" time="0.419" timestamp="2013-04-23T03:28:11">
  <properties />
  <testcase classname="titanstore.SongControllerTests" name="testSomething" time="0.199" />
  <system-out><![CDATA[--Output from testSomething--
]]></system-out>
  <system-err><![CDATA[--Output from testSomething--
]]></system-err>
</testsuite>
