<?xml version="1.0" encoding="UTF-8" ?>
<testsuite errors="0" failures="0" hostname="ndwol01" name="titanstore.CartItemTests" tests="1" time="0.558" timestamp="2013-04-23T03:28:09">
  <properties />
  <testcase classname="titanstore.CartItemTests" name="testSomething" time="0.138" />
  <system-out><![CDATA[--Output from testSomething--
]]></system-out>
  <system-err><![CDATA[--Output from testSomething--
]]></system-err>
</testsuite>
